<?xml version="1.0" encoding="UTF-8"?>
<!-- Generated by org.testng.reporters.JUnitReportReporter -->
<testsuite hostname="TEST-010" failures="0" tests="14" name="CompanyScripts.compEmployeesScripts" time="174.833" errors="0" timestamp="2023-03-14T16:23:00 IST" skipped="0">
  <testcase classname="CompanyScripts.compEmployeesScripts" name="ChangeRoleAs_Admin" time="19.547"/>
  <system-out/>
  <testcase classname="CompanyScripts.compEmployeesScripts" name="ChangeRoleAs_Employee" time="14.782"/>
  <system-out/>
  <testcase classname="CompanyScripts.compEmployeesScripts" name="Edit_Official_Details" time="15.219"/>
  <system-out/>
  <testcase classname="CompanyScripts.compEmployeesScripts" name="EmployeeProfile_NewsFeed" time="11.557"/>
  <system-out/>
  <testcase classname="CompanyScripts.compEmployeesScripts" name="EmployeeProfile" time="12.074"/>
  <system-out/>
  <testcase classname="CompanyScripts.compEmployeesScripts" name="Pendinf_Approve_Cancel" time="15.454"/>
  <system-out/>
  <testcase classname="CompanyScripts.compEmployeesScripts" name="Pending_reject_Cancel" time="9.683"/>
  <system-out/>
  <testcase classname="CompanyScripts.compEmployeesScripts" name="Pendinf_rejected" time="7.532"/>
  <system-out/>
  <testcase classname="CompanyScripts.compEmployeesScripts" name="SortBy_Filter" time="10.023"/>
  <system-out/>
  <testcase classname="CompanyScripts.compEmployeesScripts" name="InviteWithEmail_send" time="10.949"/>
  <system-out/>
  <testcase classname="CompanyScripts.compEmployeesScripts" name="InviteWithEmail_Cancel" time="12.356"/>
  <system-out/>
  <testcase classname="CompanyScripts.compEmployeesScripts" name="createEmployeeInvalidDetails" time="12.547"/>
  <system-out/>
  <testcase classname="CompanyScripts.compEmployeesScripts" name="createEmployeeValid_Cancel" time="11.292"/>
  <system-out/>
  <testcase classname="CompanyScripts.compEmployeesScripts" name="createEmployeeValid_Add" time="11.818"/>
  <system-out/>
</testsuite> <!-- CompanyScripts.compEmployeesScripts -->
