<?xml version="1.0" encoding="UTF-8"?>
<!-- Generated by org.testng.reporters.JUnitReportReporter -->
<testsuite hostname="TEST-010" failures="0" tests="2" name="CompanyScripts.test" time="41.066" errors="0" timestamp="2023-03-08T17:51:39 IST" skipped="0">
  <testcase classname="CompanyScripts.test" name="ChangeRoleAs_Admin" time="23.147"/>
  <system-out/>
  <testcase classname="CompanyScripts.test" name="ChangeRoleAs_Employee" time="17.919"/>
  <system-out/>
</testsuite> <!-- CompanyScripts.test -->
