<?xml version="1.0" encoding="UTF-8"?>
<!-- Generated by org.testng.reporters.JUnitReportReporter -->
<testsuite hostname="TEST-010" failures="0" tests="1" name="endToendTests.TestCase2" time="32.705" errors="0" timestamp="2023-03-01T11:18:12 IST" skipped="0">
  <testcase classname="endToendTests.TestCase2" name="testCase1" time="32.705"/>
  <system-out/>
</testsuite> <!-- endToendTests.TestCase2 -->
