<?xml version="1.0" encoding="UTF-8"?>
<!-- Generated by org.testng.reporters.JUnitReportReporter -->
<testsuite hostname="TEST-010" failures="0" tests="1" name="CompanyScripts.test" time="23.622" errors="0" timestamp="2023-03-10T11:34:04 IST" skipped="0">
  <testcase classname="CompanyScripts.test" name="Create_Content" time="23.622"/>
  <system-out/>
</testsuite> <!-- CompanyScripts.test -->
