<?xml version="1.0" encoding="UTF-8"?>
<!-- Generated by org.testng.reporters.JUnitReportReporter -->
<testsuite hostname="TEST-010" failures="0" tests="100" name="TestCases.uploading_Image100" time="1449.414" errors="0" timestamp="2023-03-02T11:39:46 IST" skipped="0">
  <testcase classname="TestCases.uploading_Image100" name="UploadImage" time="14.215"/>
  <system-out/>
  <testcase classname="TestCases.uploading_Image100" name="UploadImage" time="14.076"/>
  <system-out/>
  <testcase classname="TestCases.uploading_Image100" name="UploadImage" time="15.965"/>
  <system-out/>
  <testcase classname="TestCases.uploading_Image100" name="UploadImage" time="13.569"/>
  <system-out/>
  <testcase classname="TestCases.uploading_Image100" name="UploadImage" time="13.924"/>
  <system-out/>
  <testcase classname="TestCases.uploading_Image100" name="UploadImage" time="13.957"/>
  <system-out/>
  <testcase classname="TestCases.uploading_Image100" name="UploadImage" time="14.170"/>
  <system-out/>
  <testcase classname="TestCases.uploading_Image100" name="UploadImage" time="13.709"/>
  <system-out/>
  <testcase classname="TestCases.uploading_Image100" name="UploadImage" time="14.158"/>
  <system-out/>
  <testcase classname="TestCases.uploading_Image100" name="UploadImage" time="14.539"/>
  <system-out/>
  <testcase classname="TestCases.uploading_Image100" name="UploadImage" time="13.922"/>
  <system-out/>
  <testcase classname="TestCases.uploading_Image100" name="UploadImage" time="14.760"/>
  <system-out/>
  <testcase classname="TestCases.uploading_Image100" name="UploadImage" time="13.967"/>
  <system-out/>
  <testcase classname="TestCases.uploading_Image100" name="UploadImage" time="14.404"/>
  <system-out/>
  <testcase classname="TestCases.uploading_Image100" name="UploadImage" time="14.382"/>
  <system-out/>
  <testcase classname="TestCases.uploading_Image100" name="UploadImage" time="14.770"/>
  <system-out/>
  <testcase classname="TestCases.uploading_Image100" name="UploadImage" time="15.715"/>
  <system-out/>
  <testcase classname="TestCases.uploading_Image100" name="UploadImage" time="14.490"/>
  <system-out/>
  <testcase classname="TestCases.uploading_Image100" name="UploadImage" time="14.778"/>
  <system-out/>
  <testcase classname="TestCases.uploading_Image100" name="UploadImage" time="15.176"/>
  <system-out/>
  <testcase classname="TestCases.uploading_Image100" name="UploadImage" time="14.254"/>
  <system-out/>
  <testcase classname="TestCases.uploading_Image100" name="UploadImage" time="14.130"/>
  <system-out/>
  <testcase classname="TestCases.uploading_Image100" name="UploadImage" time="15.407"/>
  <system-out/>
  <testcase classname="TestCases.uploading_Image100" name="UploadImage" time="13.652"/>
  <system-out/>
  <testcase classname="TestCases.uploading_Image100" name="UploadImage" time="14.693"/>
  <system-out/>
  <testcase classname="TestCases.uploading_Image100" name="UploadImage" time="13.716"/>
  <system-out/>
  <testcase classname="TestCases.uploading_Image100" name="UploadImage" time="14.441"/>
  <system-out/>
  <testcase classname="TestCases.uploading_Image100" name="UploadImage" time="13.712"/>
  <system-out/>
  <testcase classname="TestCases.uploading_Image100" name="UploadImage" time="15.078"/>
  <system-out/>
  <testcase classname="TestCases.uploading_Image100" name="UploadImage" time="13.920"/>
  <system-out/>
  <testcase classname="TestCases.uploading_Image100" name="UploadImage" time="13.724"/>
  <system-out/>
  <testcase classname="TestCases.uploading_Image100" name="UploadImage" time="14.540"/>
  <system-out/>
  <testcase classname="TestCases.uploading_Image100" name="UploadImage" time="15.114"/>
  <system-out/>
  <testcase classname="TestCases.uploading_Image100" name="UploadImage" time="13.910"/>
  <system-out/>
  <testcase classname="TestCases.uploading_Image100" name="UploadImage" time="13.593"/>
  <system-out/>
  <testcase classname="TestCases.uploading_Image100" name="UploadImage" time="14.958"/>
  <system-out/>
  <testcase classname="TestCases.uploading_Image100" name="UploadImage" time="13.783"/>
  <system-out/>
  <testcase classname="TestCases.uploading_Image100" name="UploadImage" time="13.782"/>
  <system-out/>
  <testcase classname="TestCases.uploading_Image100" name="UploadImage" time="14.360"/>
  <system-out/>
  <testcase classname="TestCases.uploading_Image100" name="UploadImage" time="15.612"/>
  <system-out/>
  <testcase classname="TestCases.uploading_Image100" name="UploadImage" time="14.304"/>
  <system-out/>
  <testcase classname="TestCases.uploading_Image100" name="UploadImage" time="14.150"/>
  <system-out/>
  <testcase classname="TestCases.uploading_Image100" name="UploadImage" time="13.622"/>
  <system-out/>
  <testcase classname="TestCases.uploading_Image100" name="UploadImage" time="14.075"/>
  <system-out/>
  <testcase classname="TestCases.uploading_Image100" name="UploadImage" time="13.912"/>
  <system-out/>
  <testcase classname="TestCases.uploading_Image100" name="UploadImage" time="14.396"/>
  <system-out/>
  <testcase classname="TestCases.uploading_Image100" name="UploadImage" time="14.800"/>
  <system-out/>
  <testcase classname="TestCases.uploading_Image100" name="UploadImage" time="14.893"/>
  <system-out/>
  <testcase classname="TestCases.uploading_Image100" name="UploadImage" time="13.921"/>
  <system-out/>
  <testcase classname="TestCases.uploading_Image100" name="UploadImage" time="15.042"/>
  <system-out/>
  <testcase classname="TestCases.uploading_Image100" name="UploadImage" time="14.331"/>
  <system-out/>
  <testcase classname="TestCases.uploading_Image100" name="UploadImage" time="14.287"/>
  <system-out/>
  <testcase classname="TestCases.uploading_Image100" name="UploadImage" time="15.547"/>
  <system-out/>
  <testcase classname="TestCases.uploading_Image100" name="UploadImage" time="14.945"/>
  <system-out/>
  <testcase classname="TestCases.uploading_Image100" name="UploadImage" time="15.104"/>
  <system-out/>
  <testcase classname="TestCases.uploading_Image100" name="UploadImage" time="14.003"/>
  <system-out/>
  <testcase classname="TestCases.uploading_Image100" name="UploadImage" time="14.833"/>
  <system-out/>
  <testcase classname="TestCases.uploading_Image100" name="UploadImage" time="14.501"/>
  <system-out/>
  <testcase classname="TestCases.uploading_Image100" name="UploadImage" time="14.003"/>
  <system-out/>
  <testcase classname="TestCases.uploading_Image100" name="UploadImage" time="14.405"/>
  <system-out/>
  <testcase classname="TestCases.uploading_Image100" name="UploadImage" time="15.734"/>
  <system-out/>
  <testcase classname="TestCases.uploading_Image100" name="UploadImage" time="13.530"/>
  <system-out/>
  <testcase classname="TestCases.uploading_Image100" name="UploadImage" time="13.858"/>
  <system-out/>
  <testcase classname="TestCases.uploading_Image100" name="UploadImage" time="14.978"/>
  <system-out/>
  <testcase classname="TestCases.uploading_Image100" name="UploadImage" time="14.079"/>
  <system-out/>
  <testcase classname="TestCases.uploading_Image100" name="UploadImage" time="14.155"/>
  <system-out/>
  <testcase classname="TestCases.uploading_Image100" name="UploadImage" time="13.931"/>
  <system-out/>
  <testcase classname="TestCases.uploading_Image100" name="UploadImage" time="14.937"/>
  <system-out/>
  <testcase classname="TestCases.uploading_Image100" name="UploadImage" time="14.361"/>
  <system-out/>
  <testcase classname="TestCases.uploading_Image100" name="UploadImage" time="14.779"/>
  <system-out/>
  <testcase classname="TestCases.uploading_Image100" name="UploadImage" time="14.929"/>
  <system-out/>
  <testcase classname="TestCases.uploading_Image100" name="UploadImage" time="13.909"/>
  <system-out/>
  <testcase classname="TestCases.uploading_Image100" name="UploadImage" time="13.928"/>
  <system-out/>
  <testcase classname="TestCases.uploading_Image100" name="UploadImage" time="14.332"/>
  <system-out/>
  <testcase classname="TestCases.uploading_Image100" name="UploadImage" time="15.437"/>
  <system-out/>
  <testcase classname="TestCases.uploading_Image100" name="UploadImage" time="13.929"/>
  <system-out/>
  <testcase classname="TestCases.uploading_Image100" name="UploadImage" time="13.757"/>
  <system-out/>
  <testcase classname="TestCases.uploading_Image100" name="UploadImage" time="18.682"/>
  <system-out/>
  <testcase classname="TestCases.uploading_Image100" name="UploadImage" time="13.992"/>
  <system-out/>
  <testcase classname="TestCases.uploading_Image100" name="UploadImage" time="14.302"/>
  <system-out/>
  <testcase classname="TestCases.uploading_Image100" name="UploadImage" time="14.592"/>
  <system-out/>
  <testcase classname="TestCases.uploading_Image100" name="UploadImage" time="15.015"/>
  <system-out/>
  <testcase classname="TestCases.uploading_Image100" name="UploadImage" time="14.463"/>
  <system-out/>
  <testcase classname="TestCases.uploading_Image100" name="UploadImage" time="16.218"/>
  <system-out/>
  <testcase classname="TestCases.uploading_Image100" name="UploadImage" time="14.294"/>
  <system-out/>
  <testcase classname="TestCases.uploading_Image100" name="UploadImage" time="13.765"/>
  <system-out/>
  <testcase classname="TestCases.uploading_Image100" name="UploadImage" time="15.177"/>
  <system-out/>
  <testcase classname="TestCases.uploading_Image100" name="UploadImage" time="14.347"/>
  <system-out/>
  <testcase classname="TestCases.uploading_Image100" name="UploadImage" time="13.583"/>
  <system-out/>
  <testcase classname="TestCases.uploading_Image100" name="UploadImage" time="14.702"/>
  <system-out/>
  <testcase classname="TestCases.uploading_Image100" name="UploadImage" time="14.239"/>
  <system-out/>
  <testcase classname="TestCases.uploading_Image100" name="UploadImage" time="13.961"/>
  <system-out/>
  <testcase classname="TestCases.uploading_Image100" name="UploadImage" time="14.688"/>
  <system-out/>
  <testcase classname="TestCases.uploading_Image100" name="UploadImage" time="14.620"/>
  <system-out/>
  <testcase classname="TestCases.uploading_Image100" name="UploadImage" time="13.521"/>
  <system-out/>
  <testcase classname="TestCases.uploading_Image100" name="UploadImage" time="15.875"/>
  <system-out/>
  <testcase classname="TestCases.uploading_Image100" name="UploadImage" time="14.783"/>
  <system-out/>
  <testcase classname="TestCases.uploading_Image100" name="UploadImage" time="17.183"/>
  <system-out/>
  <testcase classname="TestCases.uploading_Image100" name="UploadImage" time="14.436"/>
  <system-out/>
  <testcase classname="TestCases.uploading_Image100" name="UploadImage" time="14.314"/>
  <system-out/>
</testsuite> <!-- TestCases.uploading_Image100 -->
