<?xml version="1.0" encoding="UTF-8"?>
<!-- Generated by org.testng.reporters.JUnitReportReporter -->
<testsuite hostname="TEST-010" failures="0" tests="1" name="CompanyScripts.compNetworks" time="19.227" errors="0" timestamp="2023-02-28T17:45:52 IST" skipped="0">
  <testcase classname="CompanyScripts.compNetworks" name="CompanyFollow_Unfollow" time="19.227"/>
  <system-out/>
</testsuite> <!-- CompanyScripts.compNetworks -->
