<?xml version="1.0" encoding="UTF-8"?>
<!-- Generated by org.testng.reporters.JUnitReportReporter -->
<testsuite hostname="TEST-010" failures="0" tests="1" name="CompanyScripts.compNetworks" time="18.867" errors="0" timestamp="2023-03-07T10:49:39 IST" skipped="0">
  <testcase classname="CompanyScripts.compNetworks" name="CompanyFollow_Unfollow" time="18.867"/>
  <system-out/>
</testsuite> <!-- CompanyScripts.compNetworks -->
