<?xml version="1.0" encoding="UTF-8"?>
<!-- Generated by org.testng.reporters.JUnitReportReporter -->
<testsuite hostname="TEST-010" failures="0" tests="1" name="CompanyScripts.compNewsFeed_Home" time="19.676" errors="0" timestamp="2023-02-27T15:07:57 IST" skipped="0">
  <testcase classname="CompanyScripts.compNewsFeed_Home" name="Delete_Post" time="19.676"/>
  <system-out/>
</testsuite> <!-- CompanyScripts.compNewsFeed_Home -->
