<?xml version="1.0" encoding="UTF-8"?>
<!-- Generated by org.testng.reporters.JUnitReportReporter -->
<testsuite hostname="TEST-010" failures="0" tests="7" name="CompanyScripts.resourcesScripts" time="98.848" errors="0" timestamp="2023-03-10T11:44:46 IST" skipped="0">
  <testcase classname="CompanyScripts.resourcesScripts" name="resourcesPage" time="9.617"/>
  <system-out/>
  <testcase classname="CompanyScripts.resourcesScripts" name="Create_Category" time="12.666"/>
  <system-out/>
  <testcase classname="CompanyScripts.resourcesScripts" name="Update_Category" time="13.934"/>
  <system-out/>
  <testcase classname="CompanyScripts.resourcesScripts" name="Delete_Category" time="12.591"/>
  <system-out/>
  <testcase classname="CompanyScripts.resourcesScripts" name="Create_category" time="11.988"/>
  <system-out/>
  <testcase classname="CompanyScripts.resourcesScripts" name="CreateSub_Category" time="14.559"/>
  <system-out/>
  <testcase classname="CompanyScripts.resourcesScripts" name="Create_Content" time="23.493"/>
  <system-out/>
</testsuite> <!-- CompanyScripts.resourcesScripts -->
