<?xml version="1.0" encoding="UTF-8"?>
<!-- Generated by org.testng.reporters.JUnitReportReporter -->
<testsuite hostname="TEST-010" failures="0" tests="1" name="CompanyScripts.compNetworks" time="14.481" errors="0" timestamp="2023-03-01T14:41:25 IST" skipped="0">
  <testcase classname="CompanyScripts.compNetworks" name="InviteBusiness" time="14.481"/>
  <system-out/>
</testsuite> <!-- CompanyScripts.compNetworks -->
