<?xml version="1.0" encoding="UTF-8"?>
<!-- Generated by org.testng.reporters.JUnitReportReporter -->
<testsuite hostname="TEST-010" failures="0" tests="8" name="CompanyScripts.compCreatePostScripts" time="126.182" errors="0" timestamp="2023-03-08T16:27:17 IST" skipped="4">
  <testcase classname="CompanyScripts.compCreatePostScripts" name="upload_FivePlus_Images" time="23.793">
    <skipped/>
  </testcase> <!-- upload_FivePlus_Images -->
  <system-out/>
  <testcase classname="CompanyScripts.compCreatePostScripts" name="upload_FivePlus_Images" time="23.933">
    <skipped/>
  </testcase> <!-- upload_FivePlus_Images -->
  <system-out/>
  <testcase classname="CompanyScripts.compCreatePostScripts" name="upload_FivePlus_Images" time="22.680"/>
  <system-out/>
  <testcase classname="CompanyScripts.compCreatePostScripts" name="public_Share_holder" time="11.025"/>
  <system-out/>
  <testcase classname="CompanyScripts.compCreatePostScripts" name="public_ALL_Emp_Part_Share" time="11.287"/>
  <system-out/>
  <testcase classname="CompanyScripts.compCreatePostScripts" name="public_ALL_Emp_Part_Share" time="10.856">
    <skipped/>
  </testcase> <!-- public_ALL_Emp_Part_Share -->
  <system-out/>
  <testcase classname="CompanyScripts.compCreatePostScripts" name="UploadImageAndCancel" time="10.999">
    <skipped/>
  </testcase> <!-- UploadImageAndCancel -->
  <system-out/>
  <testcase classname="CompanyScripts.compCreatePostScripts" name="UploadImageAndCancel" time="11.609"/>
  <system-out/>
</testsuite> <!-- CompanyScripts.compCreatePostScripts -->
