<?xml version="1.0" encoding="UTF-8"?>
<!-- Generated by org.testng.reporters.JUnitReportReporter -->
<testsuite hostname="TEST-010" failures="0" tests="1" name="CompanyScripts.compNewsFeed_Home" time="22.968" errors="0" timestamp="2023-03-06T17:59:36 IST" skipped="0">
  <testcase classname="CompanyScripts.compNewsFeed_Home" name="Play_Posted_Video" time="22.968"/>
  <system-out/>
</testsuite> <!-- CompanyScripts.compNewsFeed_Home -->
