<?xml version="1.0" encoding="UTF-8"?>
<!-- Generated by org.testng.reporters.JUnitReportReporter -->
<testsuite hostname="TEST-010" failures="0" tests="3" name="endToendTests.Certifications" time="39.425" errors="0" timestamp="2023-03-13T17:55:18 IST" skipped="0">
  <testcase classname="endToendTests.Certifications" name="CreateMarketing_System" time="10.608"/>
  <system-out/>
  <testcase classname="endToendTests.Certifications" name="CreateQuestionBank" time="15.254"/>
  <system-out/>
  <testcase classname="endToendTests.Certifications" name="CreateTemplate" time="13.563"/>
  <system-out/>
</testsuite> <!-- endToendTests.Certifications -->
