<?xml version="1.0" encoding="UTF-8"?>
<!-- Generated by org.testng.reporters.JUnitReportReporter -->
<testsuite hostname="TEST-010" failures="0" tests="1" name="CompanyScripts.compEmployeesScripts" time="17.121" errors="0" timestamp="2023-03-06T15:39:40 IST" skipped="0">
  <testcase classname="CompanyScripts.compEmployeesScripts" name="Edit_Official_Details" time="17.121"/>
  <system-out/>
</testsuite> <!-- CompanyScripts.compEmployeesScripts -->
