<?xml version="1.0" encoding="UTF-8"?>
<!-- Generated by org.testng.reporters.JUnitReportReporter -->
<testsuite hostname="TEST-010" failures="0" tests="1" name="CompanyScripts.compCreatePostScripts" time="18.069" errors="0" timestamp="2023-03-01T14:42:43 IST" skipped="0">
  <testcase classname="CompanyScripts.compCreatePostScripts" name="Upload_youtube_Url" time="18.069"/>
  <system-out/>
</testsuite> <!-- CompanyScripts.compCreatePostScripts -->
