<?xml version="1.0" encoding="UTF-8"?>
<!-- Generated by org.testng.reporters.JUnitReportReporter -->
<testsuite hostname="TEST-010" failures="0" tests="1" name="CompanyScripts.test" time="25.442" errors="0" timestamp="2023-03-08T09:50:33 IST" skipped="0">
  <testcase classname="CompanyScripts.test" name="createEmployeeValid_Cancel" time="25.442"/>
  <system-out/>
</testsuite> <!-- CompanyScripts.test -->
