<?xml version="1.0" encoding="UTF-8"?>
<!-- Generated by org.testng.reporters.JUnitReportReporter -->
<testsuite hostname="TEST-010" failures="0" tests="11" name="CompanyScripts.resourcesScripts" time="148.153" errors="0" timestamp="2023-03-14T16:14:21 IST" skipped="0">
  <testcase classname="CompanyScripts.resourcesScripts" name="ResourcesPage" time="9.244"/>
  <system-out/>
  <testcase classname="CompanyScripts.resourcesScripts" name="Create_Category" time="12.223"/>
  <system-out/>
  <testcase classname="CompanyScripts.resourcesScripts" name="Update_Category" time="13.084"/>
  <system-out/>
  <testcase classname="CompanyScripts.resourcesScripts" name="Delete_Category" time="12.909"/>
  <system-out/>
  <testcase classname="CompanyScripts.resourcesScripts" name="Create_category" time="11.738"/>
  <system-out/>
  <testcase classname="CompanyScripts.resourcesScripts" name="CreateSub_Category" time="14.081"/>
  <system-out/>
  <testcase classname="CompanyScripts.resourcesScripts" name="Create_Content" time="24.844"/>
  <system-out/>
  <testcase classname="CompanyScripts.resourcesScripts" name="Delete_Content" time="18.244"/>
  <system-out/>
  <testcase classname="CompanyScripts.resourcesScripts" name="AllFilter" time="11.194"/>
  <system-out/>
  <testcase classname="CompanyScripts.resourcesScripts" name="EnabledFilter" time="10.260"/>
  <system-out/>
  <testcase classname="CompanyScripts.resourcesScripts" name="DisableFilter" time="10.332"/>
  <system-out/>
</testsuite> <!-- CompanyScripts.resourcesScripts -->
