<?xml version="1.0" encoding="UTF-8"?>
<!-- Generated by org.testng.reporters.JUnitReportReporter -->
<testsuite hostname="TEST-010" failures="0" tests="18" name="CompanyScripts.compCreatePostScripts" time="264.340" errors="0" timestamp="2023-03-07T10:34:36 IST" skipped="3">
  <testcase classname="CompanyScripts.compCreatePostScripts" name="UploadText" time="12.723"/>
  <system-out/>
  <testcase classname="CompanyScripts.compCreatePostScripts" name="UploadImage" time="13.809"/>
  <system-out/>
  <testcase classname="CompanyScripts.compCreatePostScripts" name="UploadVideo" time="15.951"/>
  <system-out/>
  <testcase classname="CompanyScripts.compCreatePostScripts" name="Upload_youtube_Url" time="15.781"/>
  <system-out/>
  <testcase classname="CompanyScripts.compCreatePostScripts" name="upload_Five_Images" time="19.585">
    <skipped/>
  </testcase> <!-- upload_Five_Images -->
  <system-out/>
  <testcase classname="CompanyScripts.compCreatePostScripts" name="upload_Five_Images" time="20.740"/>
  <system-out/>
  <testcase classname="CompanyScripts.compCreatePostScripts" name="upload_FivePlus_Images" time="21.921"/>
  <system-out/>
  <testcase classname="CompanyScripts.compCreatePostScripts" name="public_Employees" time="12.811"/>
  <system-out/>
  <testcase classname="CompanyScripts.compCreatePostScripts" name="public_Manaufacturer" time="11.410"/>
  <system-out/>
  <testcase classname="CompanyScripts.compCreatePostScripts" name="public_Share_holder" time="12.065"/>
  <system-out/>
  <testcase classname="CompanyScripts.compCreatePostScripts" name="public_Vendor" time="13.568"/>
  <system-out/>
  <testcase classname="CompanyScripts.compCreatePostScripts" name="public_ALL_Man_Vend_Dist" time="14.712"/>
  <system-out/>
  <testcase classname="CompanyScripts.compCreatePostScripts" name="public_ALL_Emp_Part_Share" time="11.005">
    <skipped/>
  </testcase> <!-- public_ALL_Emp_Part_Share -->
  <system-out/>
  <testcase classname="CompanyScripts.compCreatePostScripts" name="public_ALL_Emp_Part_Share" time="11.294">
    <skipped/>
  </testcase> <!-- public_ALL_Emp_Part_Share -->
  <system-out/>
  <testcase classname="CompanyScripts.compCreatePostScripts" name="public_ALL_Emp_Part_Share" time="13.166"/>
  <system-out/>
  <testcase classname="CompanyScripts.compCreatePostScripts" name="Status_archieve" time="17.190"/>
  <system-out/>
  <testcase classname="CompanyScripts.compCreatePostScripts" name="UploadImageAndCancel" time="12.379"/>
  <system-out/>
  <testcase classname="CompanyScripts.compCreatePostScripts" name="public_Distribtor" time="14.230"/>
  <system-out/>
</testsuite> <!-- CompanyScripts.compCreatePostScripts -->
