<?xml version="1.0" encoding="UTF-8"?>
<!-- Generated by org.testng.reporters.JUnitReportReporter -->
<testsuite hostname="TEST-010" failures="0" tests="21" name="CompanyScripts.compNetworks" time="282.019" errors="0" timestamp="2023-03-14T16:40:55 IST" skipped="2">
  <testcase classname="CompanyScripts.compNetworks" name="networksPage" time="9.346"/>
  <system-out/>
  <testcase classname="CompanyScripts.compNetworks" name="nPendingFeature" time="9.273"/>
  <system-out/>
  <testcase classname="CompanyScripts.compNetworks" name="nFollowFeature" time="10.859"/>
  <system-out/>
  <testcase classname="CompanyScripts.compNetworks" name="nBlockList" time="8.602"/>
  <system-out/>
  <testcase classname="CompanyScripts.compNetworks" name="All_RelationsFilter" time="8.983"/>
  <system-out/>
  <testcase classname="CompanyScripts.compNetworks" name="HumanResorseOf_RelationsFilter" time="11.106"/>
  <system-out/>
  <testcase classname="CompanyScripts.compNetworks" name="partenerOF_RelationsFilter" time="9.229"/>
  <system-out/>
  <testcase classname="CompanyScripts.compNetworks" name="CompanyProfile" time="12.623"/>
  <system-out/>
  <testcase classname="CompanyScripts.compNetworks" name="CompanyFollow_Unfollow" time="16.976"/>
  <system-out/>
  <testcase classname="CompanyScripts.compNetworks" name="Recommanded_Industries" time="18.242"/>
  <system-out/>
  <testcase classname="CompanyScripts.compNetworks" name="RecInd_NewsFeed" time="18.310"/>
  <system-out/>
  <testcase classname="CompanyScripts.compNetworks" name="InviteBusiness" time="12.170"/>
  <system-out/>
  <testcase classname="CompanyScripts.compNetworks" name="WhatsApp_InviteBusiness" time="17.097">
    <skipped/>
  </testcase> <!-- WhatsApp_InviteBusiness -->
  <system-out/>
  <testcase classname="CompanyScripts.compNetworks" name="WhatsApp_InviteBusiness" time="14.313"/>
  <system-out/>
  <testcase classname="CompanyScripts.compNetworks" name="WhatsApp_InviteBusiness" time="16.136">
    <skipped/>
  </testcase> <!-- WhatsApp_InviteBusiness -->
  <system-out/>
  <testcase classname="CompanyScripts.compNetworks" name="Facebook_InviteBusiness" time="13.305"/>
  <system-out/>
  <testcase classname="CompanyScripts.compNetworks" name="Twitter_InviteBusiness" time="13.719"/>
  <system-out/>
  <testcase classname="CompanyScripts.compNetworks" name="Instagram_InviteBusiness" time="14.205"/>
  <system-out/>
  <testcase classname="CompanyScripts.compNetworks" name="Linkedin_InviteBusiness" time="14.430"/>
  <system-out/>
  <testcase classname="CompanyScripts.compNetworks" name="Telegram_InviteBusiness" time="15.232"/>
  <system-out/>
  <testcase classname="CompanyScripts.compNetworks" name="Gmail_InviteBusiness" time="17.863"/>
  <system-out/>
</testsuite> <!-- CompanyScripts.compNetworks -->
