<?xml version="1.0" encoding="UTF-8"?>
<!-- Generated by org.testng.reporters.JUnitReportReporter -->
<testsuite hostname="TEST-010" failures="0" tests="5" name="CompanyScripts.compCertification" time="82.728" errors="0" timestamp="2023-03-14T16:08:50 IST" skipped="0">
  <testcase classname="CompanyScripts.compCertification" name="CertificationPage" time="9.165"/>
  <system-out/>
  <testcase classname="CompanyScripts.compCertification" name="CreateMarketing_SystemDelete" time="11.650"/>
  <system-out/>
  <testcase classname="CompanyScripts.compCertification" name="CreateQuestionBankDelete" time="18.328"/>
  <system-out/>
  <testcase classname="CompanyScripts.compCertification" name="CreateTemplatDelete" time="18.009"/>
  <system-out/>
  <testcase classname="CompanyScripts.compCertification" name="CreateCertificationDelete" time="25.576"/>
  <system-out/>
</testsuite> <!-- CompanyScripts.compCertification -->
