<?xml version="1.0" encoding="UTF-8"?>
<!-- Generated by org.testng.reporters.JUnitReportReporter -->
<testsuite hostname="TEST-010" failures="0" tests="3" name="CompanyScripts.test" time="27.121" errors="0" timestamp="2023-03-10T13:12:36 IST" skipped="0">
  <testcase classname="CompanyScripts.test" name="AllFilter" time="8.983"/>
  <system-out/>
  <testcase classname="CompanyScripts.test" name="EnabledFilter" time="9.987"/>
  <system-out/>
  <testcase classname="CompanyScripts.test" name="DisableFilter" time="8.151"/>
  <system-out/>
</testsuite> <!-- CompanyScripts.test -->
