<?xml version="1.0" encoding="UTF-8"?>
<!-- Generated by org.testng.reporters.JUnitReportReporter -->
<testsuite hostname="TEST-010" failures="0" tests="2" name="CompanyScripts.test" time="36.170" errors="0" timestamp="2023-03-03T17:58:17 IST" skipped="0">
  <testcase classname="CompanyScripts.test" name="ChangeRoleAs_Admin" time="21.996"/>
  <system-out/>
  <testcase classname="CompanyScripts.test" name="ChangeRoleAs_Employee" time="14.174"/>
  <system-out/>
</testsuite> <!-- CompanyScripts.test -->
