<?xml version="1.0" encoding="UTF-8"?>
<!-- Generated by org.testng.reporters.JUnitReportReporter -->
<testsuite hostname="TEST-010" failures="0" tests="1" name="CompanyScripts.test" time="21.492" errors="0" timestamp="2023-03-06T14:58:04 IST" skipped="0">
  <testcase classname="CompanyScripts.test" name="createEmployeeValid_Add" time="21.492"/>
  <system-out/>
</testsuite> <!-- CompanyScripts.test -->
