<?xml version="1.0" encoding="UTF-8"?>
<!-- Generated by org.testng.reporters.JUnitReportReporter -->
<testsuite hostname="TEST-010" failures="0" tests="16" name="CompanyScripts.compCreatePostScripts" time="240.116" errors="0" timestamp="2023-03-14T16:34:49 IST" skipped="1">
  <testcase classname="CompanyScripts.compCreatePostScripts" name="UploadText" time="19.711"/>
  <system-out/>
  <testcase classname="CompanyScripts.compCreatePostScripts" name="UploadImage" time="12.519"/>
  <system-out/>
  <testcase classname="CompanyScripts.compCreatePostScripts" name="UploadVideo" time="15.144"/>
  <system-out/>
  <testcase classname="CompanyScripts.compCreatePostScripts" name="Upload_youtube_Url" time="16.834"/>
  <system-out/>
  <testcase classname="CompanyScripts.compCreatePostScripts" name="upload_Five_Images" time="17.429">
    <skipped/>
  </testcase> <!-- upload_Five_Images -->
  <system-out/>
  <testcase classname="CompanyScripts.compCreatePostScripts" name="upload_Five_Images" time="20.261"/>
  <system-out/>
  <testcase classname="CompanyScripts.compCreatePostScripts" name="upload_FivePlus_Images" time="22.472"/>
  <system-out/>
  <testcase classname="CompanyScripts.compCreatePostScripts" name="public_Employees" time="12.273"/>
  <system-out/>
  <testcase classname="CompanyScripts.compCreatePostScripts" name="public_Manaufacturer" time="11.042"/>
  <system-out/>
  <testcase classname="CompanyScripts.compCreatePostScripts" name="public_Share_holder" time="11.828"/>
  <system-out/>
  <testcase classname="CompanyScripts.compCreatePostScripts" name="public_Vendor" time="13.928"/>
  <system-out/>
  <testcase classname="CompanyScripts.compCreatePostScripts" name="public_ALL_Man_Vend_Dist" time="13.167"/>
  <system-out/>
  <testcase classname="CompanyScripts.compCreatePostScripts" name="public_ALL_Emp_Part_Share" time="11.189"/>
  <system-out/>
  <testcase classname="CompanyScripts.compCreatePostScripts" name="Status_archieve" time="16.119"/>
  <system-out/>
  <testcase classname="CompanyScripts.compCreatePostScripts" name="UploadImageAndCancel" time="12.909"/>
  <system-out/>
  <testcase classname="CompanyScripts.compCreatePostScripts" name="public_Distribtor" time="13.291"/>
  <system-out/>
</testsuite> <!-- CompanyScripts.compCreatePostScripts -->
