<?xml version="1.0" encoding="UTF-8"?>
<!-- Generated by org.testng.reporters.JUnitReportReporter -->
<testsuite hostname="TEST-010" failures="0" tests="1" name="CompanyScripts.compNewsFeed_Home" time="39.877" errors="0" timestamp="2023-03-08T18:13:52 IST" skipped="0">
  <testcase classname="CompanyScripts.compNewsFeed_Home" name="BookmaarkPost_Comment" time="39.877"/>
  <system-out/>
</testsuite> <!-- CompanyScripts.compNewsFeed_Home -->
