<?xml version="1.0" encoding="UTF-8"?>
<!-- Generated by org.testng.reporters.JUnitReportReporter -->
<testsuite hostname="TEST-010" failures="0" tests="1" name="endToendTests.ResourcesCreateCategory" time="28.825" errors="0" timestamp="2023-03-10T12:53:51 IST" skipped="0">
  <testcase classname="endToendTests.ResourcesCreateCategory" name="CreateSub_Category" time="28.825"/>
  <system-out/>
</testsuite> <!-- endToendTests.ResourcesCreateCategory -->
