<?xml version="1.0" encoding="UTF-8"?>
<!-- Generated by org.testng.reporters.JUnitReportReporter -->
<testsuite hostname="TEST-010" failures="0" tests="8" name="CompanyScripts.compEmployeesScripts" time="112.520" errors="0" timestamp="2023-03-03T18:03:51 IST" skipped="0">
  <testcase classname="CompanyScripts.compEmployeesScripts" name="ChangeRoleAs_Admin" time="21.747"/>
  <system-out/>
  <testcase classname="CompanyScripts.compEmployeesScripts" name="ChangeRoleAs_Employee" time="13.632"/>
  <system-out/>
  <testcase classname="CompanyScripts.compEmployeesScripts" name="Edit_Official_Details" time="19.718"/>
  <system-out/>
  <testcase classname="CompanyScripts.compEmployeesScripts" name="EmployeeProfile_NewsFeed" time="13.351"/>
  <system-out/>
  <testcase classname="CompanyScripts.compEmployeesScripts" name="EmployeeProfile" time="12.222"/>
  <system-out/>
  <testcase classname="CompanyScripts.compEmployeesScripts" name="Pendinf_Approve_Cancel" time="14.079"/>
  <system-out/>
  <testcase classname="CompanyScripts.compEmployeesScripts" name="Pending_reject_Cancel" time="9.873"/>
  <system-out/>
  <testcase classname="CompanyScripts.compEmployeesScripts" name="Pendinf_reject" time="7.898"/>
  <system-out/>
</testsuite> <!-- CompanyScripts.compEmployeesScripts -->
