<?xml version="1.0" encoding="UTF-8"?>
<!-- Generated by org.testng.reporters.JUnitReportReporter -->
<testsuite hostname="TEST-010" failures="0" tests="3" name="CompanyScripts.ConfigureDeptScripts" time="64.579" errors="0" timestamp="2023-03-14T17:26:03 IST" skipped="0">
  <testcase classname="CompanyScripts.ConfigureDeptScripts" name="create_Dept" time="22.024"/>
  <system-out/>
  <testcase classname="CompanyScripts.ConfigureDeptScripts" name="Edit_Dept" time="23.834"/>
  <system-out/>
  <testcase classname="CompanyScripts.ConfigureDeptScripts" name="Delete_Dept" time="18.721"/>
  <system-out/>
</testsuite> <!-- CompanyScripts.ConfigureDeptScripts -->
