<?xml version="1.0" encoding="UTF-8"?>
<!-- Generated by org.testng.reporters.JUnitReportReporter -->
<testsuite hostname="TEST-010" failures="0" tests="2" name="CompanyScripts.compEmployeesScripts" time="26.635" errors="0" timestamp="2023-03-08T16:27:17 IST" skipped="1">
  <testcase classname="CompanyScripts.compEmployeesScripts" name="InviteWithEmail_send" time="12.378"/>
  <system-out/>
  <testcase classname="CompanyScripts.compEmployeesScripts" name="InviteWithEmail_send" time="14.257">
    <skipped/>
  </testcase> <!-- InviteWithEmail_send -->
  <system-out/>
</testsuite> <!-- CompanyScripts.compEmployeesScripts -->
