<?xml version="1.0" encoding="UTF-8"?>
<!-- Generated by org.testng.reporters.JUnitReportReporter -->
<testsuite hostname="TEST-010" failures="0" tests="1" name="CompanyScripts.ConfigureDeptScripts" time="20.037" errors="0" timestamp="2023-03-07T11:21:45 IST" skipped="0">
  <testcase classname="CompanyScripts.ConfigureDeptScripts" name="create_Dept" time="20.037"/>
  <system-out/>
</testsuite> <!-- CompanyScripts.ConfigureDeptScripts -->
