<?xml version="1.0" encoding="UTF-8"?>
<!-- Generated by org.testng.reporters.JUnitReportReporter -->
<testsuite hostname="TEST-010" failures="0" tests="5" name="endToendTests.Certifications" time="67.247" errors="0" timestamp="2023-03-14T16:05:33 IST" skipped="0">
  <testcase classname="endToendTests.Certifications" name="CreateMarketing_System" time="10.274"/>
  <system-out/>
  <testcase classname="endToendTests.Certifications" name="CreateQuestionBank" time="14.080"/>
  <system-out/>
  <testcase classname="endToendTests.Certifications" name="CreateTemplate" time="14.222"/>
  <system-out/>
  <testcase classname="endToendTests.Certifications" name="CreateCertificate" time="18.714"/>
  <system-out/>
  <testcase classname="endToendTests.Certifications" name="testDisplayed" time="9.957"/>
  <system-out/>
</testsuite> <!-- endToendTests.Certifications -->
