<?xml version="1.0" encoding="UTF-8"?>
<!-- Generated by org.testng.reporters.JUnitReportReporter -->
<testsuite hostname="TEST-010" failures="0" tests="1" name="CompanyScripts.test" time="18.878" errors="0" timestamp="2023-03-01T14:33:00 IST" skipped="0">
  <testcase classname="CompanyScripts.test" name="CompanyFollow_Unfollow" time="18.878"/>
  <system-out/>
</testsuite> <!-- CompanyScripts.test -->
