<?xml version="1.0" encoding="UTF-8"?>
<!-- Generated by org.testng.reporters.JUnitReportReporter -->
<testsuite hostname="TEST-010" failures="0" tests="1" name="CompanyScripts.test" time="19.975" errors="0" timestamp="2023-03-13T17:04:29 IST" skipped="0">
  <testcase classname="CompanyScripts.test" name="CreateQuestionBank" time="19.975"/>
  <system-out/>
</testsuite> <!-- CompanyScripts.test -->
