<?xml version="1.0" encoding="UTF-8"?>
<!-- Generated by org.testng.reporters.JUnitReportReporter -->
<testsuite hostname="TEST-010" failures="0" tests="1" name="CompanyScripts.test" time="15.432" errors="0" timestamp="2023-03-02T15:21:27 IST" skipped="0">
  <testcase classname="CompanyScripts.test" name="LikeAndShareFeedPost" time="15.432"/>
  <system-out/>
</testsuite> <!-- CompanyScripts.test -->
