<?xml version="1.0" encoding="UTF-8"?>
<!-- Generated by org.testng.reporters.JUnitReportReporter -->
<testsuite hostname="TEST-010" failures="0" tests="1" name="CompanyScripts.test" time="20.342" errors="0" timestamp="2023-02-27T14:43:00 IST" skipped="0">
  <testcase classname="CompanyScripts.test" name="Delete_Post" time="20.342"/>
  <system-out/>
</testsuite> <!-- CompanyScripts.test -->
