<?xml version="1.0" encoding="UTF-8"?>
<!-- Generated by org.testng.reporters.JUnitReportReporter -->
<testsuite hostname="TEST-010" failures="0" tests="1" name="CompanyScripts.resourcesScripts" time="30.854" errors="0" timestamp="2023-03-09T15:20:32 IST" skipped="0">
  <testcase classname="CompanyScripts.resourcesScripts" name="Create_Category" time="30.854"/>
  <system-out/>
</testsuite> <!-- CompanyScripts.resourcesScripts -->
