<?xml version="1.0" encoding="UTF-8"?>
<!-- Generated by org.testng.reporters.JUnitReportReporter -->
<testsuite hostname="TEST-010" failures="0" tests="22" name="CompanyScripts.compNetworks" time="334.281" errors="0" timestamp="2023-03-01T17:11:36 IST" skipped="3">
  <testcase classname="CompanyScripts.compNetworks" name="networksPage" time="10.658"/>
  <system-out/>
  <testcase classname="CompanyScripts.compNetworks" name="nPendingFeature" time="8.848"/>
  <system-out/>
  <testcase classname="CompanyScripts.compNetworks" name="nFollowFeature" time="12.851"/>
  <system-out/>
  <testcase classname="CompanyScripts.compNetworks" name="nBlockList" time="8.618"/>
  <system-out/>
  <testcase classname="CompanyScripts.compNetworks" name="All_RelationsFilter" time="9.553"/>
  <system-out/>
  <testcase classname="CompanyScripts.compNetworks" name="HumanResorseOf_RelationsFilter" time="10.618"/>
  <system-out/>
  <testcase classname="CompanyScripts.compNetworks" name="partenerOF_RelationsFilter" time="9.987"/>
  <system-out/>
  <testcase classname="CompanyScripts.compNetworks" name="CompanyProfile" time="13.573"/>
  <system-out/>
  <testcase classname="CompanyScripts.compNetworks" name="CompanyFollow_Unfollow" time="25.109">
    <skipped/>
  </testcase> <!-- CompanyFollow_Unfollow -->
  <system-out/>
  <testcase classname="CompanyScripts.compNetworks" name="CompanyFollow_Unfollow" time="16.852"/>
  <system-out/>
  <testcase classname="CompanyScripts.compNetworks" name="CompanyFollow_Unfollow" time="27.007">
    <skipped/>
  </testcase> <!-- CompanyFollow_Unfollow -->
  <system-out/>
  <testcase classname="CompanyScripts.compNetworks" name="CompanyFollow_Unfollow" time="24.993">
    <skipped/>
  </testcase> <!-- CompanyFollow_Unfollow -->
  <system-out/>
  <testcase classname="CompanyScripts.compNetworks" name="Recommanded_Industries" time="17.151"/>
  <system-out/>
  <testcase classname="CompanyScripts.compNetworks" name="RecInd_NewsFeed" time="19.783"/>
  <system-out/>
  <testcase classname="CompanyScripts.compNetworks" name="InviteBusiness" time="12.000"/>
  <system-out/>
  <testcase classname="CompanyScripts.compNetworks" name="WhatsApp_InviteBusiness" time="14.400"/>
  <system-out/>
  <testcase classname="CompanyScripts.compNetworks" name="Facebook_InviteBusiness" time="14.518"/>
  <system-out/>
  <testcase classname="CompanyScripts.compNetworks" name="Twitter_InviteBusiness" time="14.658"/>
  <system-out/>
  <testcase classname="CompanyScripts.compNetworks" name="Instagram_InviteBusiness" time="15.692"/>
  <system-out/>
  <testcase classname="CompanyScripts.compNetworks" name="Linkedin_InviteBusiness" time="14.398"/>
  <system-out/>
  <testcase classname="CompanyScripts.compNetworks" name="Telegram_InviteBusiness" time="15.081"/>
  <system-out/>
  <testcase classname="CompanyScripts.compNetworks" name="Gmail_InviteBusiness" time="17.933"/>
  <system-out/>
</testsuite> <!-- CompanyScripts.compNetworks -->
