<?xml version="1.0" encoding="UTF-8"?>
<!-- Generated by org.testng.reporters.JUnitReportReporter -->
<testsuite hostname="TEST-010" failures="0" tests="9" name="CompanyScripts.compNetworks" time="101.132" errors="0" timestamp="2023-02-28T17:48:06 IST" skipped="0">
  <testcase classname="CompanyScripts.compNetworks" name="networksPage" time="9.548"/>
  <system-out/>
  <testcase classname="CompanyScripts.compNetworks" name="nPendingFeature" time="10.233"/>
  <system-out/>
  <testcase classname="CompanyScripts.compNetworks" name="nFollowFeature" time="10.246"/>
  <system-out/>
  <testcase classname="CompanyScripts.compNetworks" name="nBlockList" time="9.122"/>
  <system-out/>
  <testcase classname="CompanyScripts.compNetworks" name="All_RelationsFilter" time="9.478"/>
  <system-out/>
  <testcase classname="CompanyScripts.compNetworks" name="HumanResorseOf_RelationsFilter" time="11.965"/>
  <system-out/>
  <testcase classname="CompanyScripts.compNetworks" name="partenerOF_RelationsFilter" time="10.078"/>
  <system-out/>
  <testcase classname="CompanyScripts.compNetworks" name="CompanyProfile" time="13.746"/>
  <system-out/>
  <testcase classname="CompanyScripts.compNetworks" name="CompanyFollow_Unfollow" time="16.716"/>
  <system-out/>
</testsuite> <!-- CompanyScripts.compNetworks -->
