<?xml version="1.0" encoding="UTF-8"?>
<!-- Generated by org.testng.reporters.JUnitReportReporter -->
<testsuite hostname="TEST-010" failures="0" tests="9" name="CompanyScripts.compNetworks" time="94.401" errors="0" timestamp="2023-03-01T10:45:11 IST" skipped="0">
  <testcase classname="CompanyScripts.compNetworks" name="networksPage" time="9.809"/>
  <system-out/>
  <testcase classname="CompanyScripts.compNetworks" name="nPendingFeature" time="8.275"/>
  <system-out/>
  <testcase classname="CompanyScripts.compNetworks" name="nFollowFeature" time="8.424"/>
  <system-out/>
  <testcase classname="CompanyScripts.compNetworks" name="nBlockList" time="8.903"/>
  <system-out/>
  <testcase classname="CompanyScripts.compNetworks" name="All_RelationsFilter" time="8.764"/>
  <system-out/>
  <testcase classname="CompanyScripts.compNetworks" name="HumanResorseOf_RelationsFilter" time="12.506"/>
  <system-out/>
  <testcase classname="CompanyScripts.compNetworks" name="partenerOF_RelationsFilter" time="9.167"/>
  <system-out/>
  <testcase classname="CompanyScripts.compNetworks" name="CompanyProfile" time="12.950"/>
  <system-out/>
  <testcase classname="CompanyScripts.compNetworks" name="CompanyFollow_Unfollow" time="15.603"/>
  <system-out/>
</testsuite> <!-- CompanyScripts.compNetworks -->
