<?xml version="1.0" encoding="UTF-8"?>
<!-- Generated by org.testng.reporters.JUnitReportReporter -->
<testsuite hostname="TEST-010" failures="0" tests="11" name="CompanyScripts.compNewsFeed_Home" time="229.571" errors="0" timestamp="2023-03-06T18:32:07 IST" skipped="1">
  <testcase classname="CompanyScripts.compNewsFeed_Home" name="BookmaarkPost_Comment" time="35.078"/>
  <system-out/>
  <testcase classname="CompanyScripts.compNewsFeed_Home" name="Edit_Post" time="16.470"/>
  <system-out/>
  <testcase classname="CompanyScripts.compNewsFeed_Home" name="Delete_Post" time="16.666">
    <skipped/>
  </testcase> <!-- Delete_Post -->
  <system-out/>
  <testcase classname="CompanyScripts.compNewsFeed_Home" name="Delete_Post" time="17.412"/>
  <system-out/>
  <testcase classname="CompanyScripts.compNewsFeed_Home" name="Add_to_bookmark" time="16.061"/>
  <system-out/>
  <testcase classname="CompanyScripts.compNewsFeed_Home" name="searchFeedwithCompany" time="14.955"/>
  <system-out/>
  <testcase classname="CompanyScripts.compNewsFeed_Home" name="BookmaarkPost_Like" time="23.633"/>
  <system-out/>
  <testcase classname="CompanyScripts.compNewsFeed_Home" name="BookmaarkPost_share" time="29.182"/>
  <system-out/>
  <testcase classname="CompanyScripts.compNewsFeed_Home" name="ScrollFeedUntilLoadmore" time="11.530"/>
  <system-out/>
  <testcase classname="CompanyScripts.compNewsFeed_Home" name="LikeAndShareFeedPost" time="25.840"/>
  <system-out/>
  <testcase classname="CompanyScripts.compNewsFeed_Home" name="Play_Posted_Video" time="22.744"/>
  <system-out/>
</testsuite> <!-- CompanyScripts.compNewsFeed_Home -->
