<?xml version="1.0" encoding="UTF-8"?>
<!-- Generated by org.testng.reporters.JUnitReportReporter -->
<testsuite hostname="TEST-010" failures="0" tests="19" name="CompanyScripts.compCreatePostScripts" time="342.802" errors="0" timestamp="2023-03-08T16:53:17 IST" skipped="4">
  <testcase classname="CompanyScripts.compCreatePostScripts" name="UploadText" time="14.746"/>
  <system-out/>
  <testcase classname="CompanyScripts.compCreatePostScripts" name="UploadText" time="16.806">
    <skipped/>
  </testcase> <!-- UploadText -->
  <system-out/>
  <testcase classname="CompanyScripts.compCreatePostScripts" name="UploadImage" time="15.905"/>
  <system-out/>
  <testcase classname="CompanyScripts.compCreatePostScripts" name="UploadVideo" time="18.502"/>
  <system-out/>
  <testcase classname="CompanyScripts.compCreatePostScripts" name="Upload_youtube_Url" time="18.480"/>
  <system-out/>
  <testcase classname="CompanyScripts.compCreatePostScripts" name="upload_Five_Images" time="24.599"/>
  <system-out/>
  <testcase classname="CompanyScripts.compCreatePostScripts" name="upload_FivePlus_Images" time="25.677"/>
  <system-out/>
  <testcase classname="CompanyScripts.compCreatePostScripts" name="upload_FivePlus_Images" time="25.911">
    <skipped/>
  </testcase> <!-- upload_FivePlus_Images -->
  <system-out/>
  <testcase classname="CompanyScripts.compCreatePostScripts" name="upload_FivePlus_Images" time="27.432">
    <skipped/>
  </testcase> <!-- upload_FivePlus_Images -->
  <system-out/>
  <testcase classname="CompanyScripts.compCreatePostScripts" name="public_Employees" time="15.515"/>
  <system-out/>
  <testcase classname="CompanyScripts.compCreatePostScripts" name="public_Manaufacturer" time="14.545"/>
  <system-out/>
  <testcase classname="CompanyScripts.compCreatePostScripts" name="public_Share_holder" time="14.757"/>
  <system-out/>
  <testcase classname="CompanyScripts.compCreatePostScripts" name="public_Vendor" time="15.483"/>
  <system-out/>
  <testcase classname="CompanyScripts.compCreatePostScripts" name="public_ALL_Man_Vend_Dist" time="16.865"/>
  <system-out/>
  <testcase classname="CompanyScripts.compCreatePostScripts" name="public_ALL_Emp_Part_Share" time="14.782"/>
  <system-out/>
  <testcase classname="CompanyScripts.compCreatePostScripts" name="public_ALL_Emp_Part_Share" time="12.656">
    <skipped/>
  </testcase> <!-- public_ALL_Emp_Part_Share -->
  <system-out/>
  <testcase classname="CompanyScripts.compCreatePostScripts" name="Status_archieve" time="18.848"/>
  <system-out/>
  <testcase classname="CompanyScripts.compCreatePostScripts" name="UploadImageAndCancel" time="14.015"/>
  <system-out/>
  <testcase classname="CompanyScripts.compCreatePostScripts" name="public_Distribtor" time="17.278"/>
  <system-out/>
</testsuite> <!-- CompanyScripts.compCreatePostScripts -->
