<?xml version="1.0" encoding="UTF-8"?>
<!-- Generated by org.testng.reporters.JUnitReportReporter -->
<testsuite hostname="TEST-010" failures="0" tests="11" name="CompanyScripts.compNewsFeed_Home" time="236.497" errors="0" timestamp="2023-03-01T14:51:58 IST" skipped="1">
  <testcase classname="CompanyScripts.compNewsFeed_Home" name="Edit_Post" time="17.689"/>
  <system-out/>
  <testcase classname="CompanyScripts.compNewsFeed_Home" name="BookmaarkPost_Comment" time="35.568"/>
  <system-out/>
  <testcase classname="CompanyScripts.compNewsFeed_Home" name="Delete_Post" time="17.364"/>
  <system-out/>
  <testcase classname="CompanyScripts.compNewsFeed_Home" name="Delete_Post" time="18.906">
    <skipped/>
  </testcase> <!-- Delete_Post -->
  <system-out/>
  <testcase classname="CompanyScripts.compNewsFeed_Home" name="Add_to_bookmark" time="17.817"/>
  <system-out/>
  <testcase classname="CompanyScripts.compNewsFeed_Home" name="searchFeedwithCompany" time="14.943"/>
  <system-out/>
  <testcase classname="CompanyScripts.compNewsFeed_Home" name="BookmaarkPost_Like" time="24.204"/>
  <system-out/>
  <testcase classname="CompanyScripts.compNewsFeed_Home" name="BookmaarkPost_share" time="29.204"/>
  <system-out/>
  <testcase classname="CompanyScripts.compNewsFeed_Home" name="ScrollFeedUntilLoadmore" time="12.158"/>
  <system-out/>
  <testcase classname="CompanyScripts.compNewsFeed_Home" name="LikeAndShareFeedPost" time="26.335"/>
  <system-out/>
  <testcase classname="CompanyScripts.compNewsFeed_Home" name="Play_Posted_Video" time="22.309"/>
  <system-out/>
</testsuite> <!-- CompanyScripts.compNewsFeed_Home -->
