<?xml version="1.0" encoding="UTF-8"?>
<!-- Generated by org.testng.reporters.JUnitReportReporter -->
<testsuite hostname="TEST-010" failures="0" tests="4" name="endToendTests.TestCase2" time="110.921" errors="0" timestamp="2023-02-28T17:30:33 IST" skipped="3">
  <testcase classname="endToendTests.TestCase2" name="testCase1" time="40.633"/>
  <system-out/>
  <testcase classname="endToendTests.TestCase2" name="testCase1" time="17.980">
    <skipped/>
  </testcase> <!-- testCase1 -->
  <system-out/>
  <testcase classname="endToendTests.TestCase2" name="testCase1" time="18.586">
    <skipped/>
  </testcase> <!-- testCase1 -->
  <system-out/>
  <testcase classname="endToendTests.TestCase2" name="testCase1" time="33.722">
    <skipped/>
  </testcase> <!-- testCase1 -->
  <system-out/>
</testsuite> <!-- endToendTests.TestCase2 -->
