<?xml version="1.0" encoding="UTF-8"?>
<!-- Generated by org.testng.reporters.JUnitReportReporter -->
<testsuite hostname="TEST-010" failures="0" tests="1" name="endToendTests.TestCase1" time="34.636" errors="0" timestamp="2023-02-28T17:30:33 IST" skipped="0">
  <testcase classname="endToendTests.TestCase1" name="testCase1" time="34.636"/>
  <system-out/>
</testsuite> <!-- endToendTests.TestCase1 -->
