<?xml version="1.0" encoding="UTF-8"?>
<!-- Generated by org.testng.reporters.JUnitReportReporter -->
<testsuite hostname="TEST-010" failures="0" tests="1" name="CompanyScripts.compNetworks" time="10.681" errors="0" timestamp="2023-02-16T17:17:44 IST" skipped="0">
  <testcase classname="CompanyScripts.compNetworks" name="networksPage" time="10.681"/>
  <system-out/>
</testsuite> <!-- CompanyScripts.compNetworks -->
