<?xml version="1.0" encoding="UTF-8"?>
<!-- Generated by org.testng.reporters.JUnitReportReporter -->
<testsuite hostname="TEST-010" failures="0" tests="11" name="CompanyScripts.resourcesScripts" time="158.796" errors="0" timestamp="2023-03-10T17:59:17 IST" skipped="0">
  <testcase classname="CompanyScripts.resourcesScripts" name="ResourcesPage" time="10.567"/>
  <system-out/>
  <testcase classname="CompanyScripts.resourcesScripts" name="Create_Category" time="13.746"/>
  <system-out/>
  <testcase classname="CompanyScripts.resourcesScripts" name="Update_Category" time="14.851"/>
  <system-out/>
  <testcase classname="CompanyScripts.resourcesScripts" name="Delete_Category" time="13.198"/>
  <system-out/>
  <testcase classname="CompanyScripts.resourcesScripts" name="Create_category" time="12.600"/>
  <system-out/>
  <testcase classname="CompanyScripts.resourcesScripts" name="CreateSub_Category" time="15.379"/>
  <system-out/>
  <testcase classname="CompanyScripts.resourcesScripts" name="Create_Content" time="27.803"/>
  <system-out/>
  <testcase classname="CompanyScripts.resourcesScripts" name="Delete_Content" time="19.518"/>
  <system-out/>
  <testcase classname="CompanyScripts.resourcesScripts" name="AllFilter" time="10.581"/>
  <system-out/>
  <testcase classname="CompanyScripts.resourcesScripts" name="EnabledFilter" time="10.050"/>
  <system-out/>
  <testcase classname="CompanyScripts.resourcesScripts" name="DisableFilter" time="10.503"/>
  <system-out/>
</testsuite> <!-- CompanyScripts.resourcesScripts -->
