<?xml version="1.0" encoding="UTF-8"?>
<!-- Generated by org.testng.reporters.JUnitReportReporter -->
<testsuite hostname="TEST-010" failures="0" tests="1" name="endToendTests.TestCase1" time="31.879" errors="0" timestamp="2023-03-01T15:15:06 IST" skipped="0">
  <testcase classname="endToendTests.TestCase1" name="testCase1" time="31.879"/>
  <system-out/>
</testsuite> <!-- endToendTests.TestCase1 -->
