<?xml version="1.0" encoding="UTF-8"?>
<!-- Generated by org.testng.reporters.JUnitReportReporter -->
<testsuite hostname="TEST-010" failures="0" tests="19" name="CompanyScripts.compNetworks" time="268.590" errors="0" timestamp="2023-03-08T10:58:58 IST" skipped="0">
  <testcase classname="CompanyScripts.compNetworks" name="networksPage" time="12.857"/>
  <system-out/>
  <testcase classname="CompanyScripts.compNetworks" name="nPendingFeature" time="8.866"/>
  <system-out/>
  <testcase classname="CompanyScripts.compNetworks" name="nFollowFeature" time="9.370"/>
  <system-out/>
  <testcase classname="CompanyScripts.compNetworks" name="nBlockList" time="10.036"/>
  <system-out/>
  <testcase classname="CompanyScripts.compNetworks" name="All_RelationsFilter" time="10.240"/>
  <system-out/>
  <testcase classname="CompanyScripts.compNetworks" name="HumanResorseOf_RelationsFilter" time="10.008"/>
  <system-out/>
  <testcase classname="CompanyScripts.compNetworks" name="partenerOF_RelationsFilter" time="9.480"/>
  <system-out/>
  <testcase classname="CompanyScripts.compNetworks" name="CompanyProfile" time="14.565"/>
  <system-out/>
  <testcase classname="CompanyScripts.compNetworks" name="CompanyFollow_Unfollow" time="18.170"/>
  <system-out/>
  <testcase classname="CompanyScripts.compNetworks" name="Recommanded_Industries" time="18.102"/>
  <system-out/>
  <testcase classname="CompanyScripts.compNetworks" name="RecInd_NewsFeed" time="20.293"/>
  <system-out/>
  <testcase classname="CompanyScripts.compNetworks" name="InviteBusiness" time="12.110"/>
  <system-out/>
  <testcase classname="CompanyScripts.compNetworks" name="WhatsApp_InviteBusiness" time="14.819"/>
  <system-out/>
  <testcase classname="CompanyScripts.compNetworks" name="Facebook_InviteBusiness" time="14.182"/>
  <system-out/>
  <testcase classname="CompanyScripts.compNetworks" name="Twitter_InviteBusiness" time="21.625"/>
  <system-out/>
  <testcase classname="CompanyScripts.compNetworks" name="Instagram_InviteBusiness" time="15.145"/>
  <system-out/>
  <testcase classname="CompanyScripts.compNetworks" name="Linkedin_InviteBusiness" time="16.173"/>
  <system-out/>
  <testcase classname="CompanyScripts.compNetworks" name="Telegram_InviteBusiness" time="16.419"/>
  <system-out/>
  <testcase classname="CompanyScripts.compNetworks" name="Gmail_InviteBusiness" time="16.130"/>
  <system-out/>
</testsuite> <!-- CompanyScripts.compNetworks -->
