<?xml version="1.0" encoding="UTF-8"?>
<!-- Generated by org.testng.reporters.JUnitReportReporter -->
<testsuite hostname="TEST-010" failures="0" tests="11" name="CompanyScripts.compNewsFeed_Home" time="241.466" errors="0" timestamp="2023-03-02T10:40:37 IST" skipped="1">
  <testcase classname="CompanyScripts.compNewsFeed_Home" name="Edit_Post" time="14.910"/>
  <system-out/>
  <testcase classname="CompanyScripts.compNewsFeed_Home" name="BookmaarkPost_Comment" time="32.703"/>
  <system-out/>
  <testcase classname="CompanyScripts.compNewsFeed_Home" name="Delete_Post" time="20.139">
    <skipped/>
  </testcase> <!-- Delete_Post -->
  <system-out/>
  <testcase classname="CompanyScripts.compNewsFeed_Home" name="Delete_Post" time="18.306"/>
  <system-out/>
  <testcase classname="CompanyScripts.compNewsFeed_Home" name="Add_to_bookmark" time="17.272"/>
  <system-out/>
  <testcase classname="CompanyScripts.compNewsFeed_Home" name="searchFeedwithCompany" time="15.218"/>
  <system-out/>
  <testcase classname="CompanyScripts.compNewsFeed_Home" name="BookmaarkPost_Like" time="24.531"/>
  <system-out/>
  <testcase classname="CompanyScripts.compNewsFeed_Home" name="BookmaarkPost_share" time="29.642"/>
  <system-out/>
  <testcase classname="CompanyScripts.compNewsFeed_Home" name="ScrollFeedUntilLoadmore" time="13.758"/>
  <system-out/>
  <testcase classname="CompanyScripts.compNewsFeed_Home" name="LikeAndShareFeedPost" time="29.180"/>
  <system-out/>
  <testcase classname="CompanyScripts.compNewsFeed_Home" name="Play_Posted_Video" time="25.807"/>
  <system-out/>
</testsuite> <!-- CompanyScripts.compNewsFeed_Home -->
