<?xml version="1.0" encoding="UTF-8"?>
<!-- Generated by org.testng.reporters.JUnitReportReporter -->
<testsuite hostname="TEST-010" failures="0" tests="19" name="CompanyScripts.compNetworks" time="314.152" errors="0" timestamp="2023-03-08T16:53:17 IST" skipped="0">
  <testcase classname="CompanyScripts.compNetworks" name="networksPage" time="14.557"/>
  <system-out/>
  <testcase classname="CompanyScripts.compNetworks" name="nPendingFeature" time="12.684"/>
  <system-out/>
  <testcase classname="CompanyScripts.compNetworks" name="nFollowFeature" time="11.441"/>
  <system-out/>
  <testcase classname="CompanyScripts.compNetworks" name="nBlockList" time="11.542"/>
  <system-out/>
  <testcase classname="CompanyScripts.compNetworks" name="All_RelationsFilter" time="15.870"/>
  <system-out/>
  <testcase classname="CompanyScripts.compNetworks" name="HumanResorseOf_RelationsFilter" time="12.900"/>
  <system-out/>
  <testcase classname="CompanyScripts.compNetworks" name="partenerOF_RelationsFilter" time="12.622"/>
  <system-out/>
  <testcase classname="CompanyScripts.compNetworks" name="CompanyProfile" time="16.167"/>
  <system-out/>
  <testcase classname="CompanyScripts.compNetworks" name="CompanyFollow_Unfollow" time="20.752"/>
  <system-out/>
  <testcase classname="CompanyScripts.compNetworks" name="Recommanded_Industries" time="20.687"/>
  <system-out/>
  <testcase classname="CompanyScripts.compNetworks" name="RecInd_NewsFeed" time="21.080"/>
  <system-out/>
  <testcase classname="CompanyScripts.compNetworks" name="InviteBusiness" time="16.495"/>
  <system-out/>
  <testcase classname="CompanyScripts.compNetworks" name="WhatsApp_InviteBusiness" time="18.128"/>
  <system-out/>
  <testcase classname="CompanyScripts.compNetworks" name="Facebook_InviteBusiness" time="17.125"/>
  <system-out/>
  <testcase classname="CompanyScripts.compNetworks" name="Twitter_InviteBusiness" time="17.411"/>
  <system-out/>
  <testcase classname="CompanyScripts.compNetworks" name="Instagram_InviteBusiness" time="18.536"/>
  <system-out/>
  <testcase classname="CompanyScripts.compNetworks" name="Linkedin_InviteBusiness" time="18.047"/>
  <system-out/>
  <testcase classname="CompanyScripts.compNetworks" name="Telegram_InviteBusiness" time="19.283"/>
  <system-out/>
  <testcase classname="CompanyScripts.compNetworks" name="Gmail_InviteBusiness" time="18.825"/>
  <system-out/>
</testsuite> <!-- CompanyScripts.compNetworks -->
