<?xml version="1.0" encoding="UTF-8"?>
<!-- Generated by org.testng.reporters.JUnitReportReporter -->
<testsuite hostname="TEST-010" failures="0" tests="19" name="CompanyScripts.compNetworks" time="297.950" errors="0" timestamp="2023-03-02T10:40:36 IST" skipped="0">
  <testcase classname="CompanyScripts.compNetworks" name="networksPage" time="14.405"/>
  <system-out/>
  <testcase classname="CompanyScripts.compNetworks" name="nPendingFeature" time="12.026"/>
  <system-out/>
  <testcase classname="CompanyScripts.compNetworks" name="nFollowFeature" time="13.974"/>
  <system-out/>
  <testcase classname="CompanyScripts.compNetworks" name="nBlockList" time="13.312"/>
  <system-out/>
  <testcase classname="CompanyScripts.compNetworks" name="All_RelationsFilter" time="11.441"/>
  <system-out/>
  <testcase classname="CompanyScripts.compNetworks" name="HumanResorseOf_RelationsFilter" time="10.142"/>
  <system-out/>
  <testcase classname="CompanyScripts.compNetworks" name="partenerOF_RelationsFilter" time="11.051"/>
  <system-out/>
  <testcase classname="CompanyScripts.compNetworks" name="CompanyProfile" time="17.696"/>
  <system-out/>
  <testcase classname="CompanyScripts.compNetworks" name="CompanyFollow_Unfollow" time="18.766"/>
  <system-out/>
  <testcase classname="CompanyScripts.compNetworks" name="Recommanded_Industries" time="18.911"/>
  <system-out/>
  <testcase classname="CompanyScripts.compNetworks" name="RecInd_NewsFeed" time="21.608"/>
  <system-out/>
  <testcase classname="CompanyScripts.compNetworks" name="InviteBusiness" time="14.151"/>
  <system-out/>
  <testcase classname="CompanyScripts.compNetworks" name="WhatsApp_InviteBusiness" time="16.951"/>
  <system-out/>
  <testcase classname="CompanyScripts.compNetworks" name="Facebook_InviteBusiness" time="16.345"/>
  <system-out/>
  <testcase classname="CompanyScripts.compNetworks" name="Twitter_InviteBusiness" time="17.194"/>
  <system-out/>
  <testcase classname="CompanyScripts.compNetworks" name="Instagram_InviteBusiness" time="17.991"/>
  <system-out/>
  <testcase classname="CompanyScripts.compNetworks" name="Linkedin_InviteBusiness" time="16.796"/>
  <system-out/>
  <testcase classname="CompanyScripts.compNetworks" name="Telegram_InviteBusiness" time="17.893"/>
  <system-out/>
  <testcase classname="CompanyScripts.compNetworks" name="Gmail_InviteBusiness" time="17.297"/>
  <system-out/>
</testsuite> <!-- CompanyScripts.compNetworks -->
