<?xml version="1.0" encoding="UTF-8"?>
<!-- Generated by org.testng.reporters.JUnitReportReporter -->
<testsuite hostname="TEST-010" failures="0" tests="15" name="CompanyScripts.compCreatePostScripts" time="222.769" errors="0" timestamp="2023-03-02T10:40:36 IST" skipped="0">
  <testcase classname="CompanyScripts.compCreatePostScripts" name="UploadText" time="12.844"/>
  <system-out/>
  <testcase classname="CompanyScripts.compCreatePostScripts" name="UploadImage" time="13.462"/>
  <system-out/>
  <testcase classname="CompanyScripts.compCreatePostScripts" name="UploadVideo" time="16.493"/>
  <system-out/>
  <testcase classname="CompanyScripts.compCreatePostScripts" name="Upload_youtube_Url" time="16.907"/>
  <system-out/>
  <testcase classname="CompanyScripts.compCreatePostScripts" name="upload_Five_Images" time="24.161"/>
  <system-out/>
  <testcase classname="CompanyScripts.compCreatePostScripts" name="upload_FivePlus_Images" time="23.089"/>
  <system-out/>
  <testcase classname="CompanyScripts.compCreatePostScripts" name="public_Employees" time="11.746"/>
  <system-out/>
  <testcase classname="CompanyScripts.compCreatePostScripts" name="public_Manaufacturer" time="12.481"/>
  <system-out/>
  <testcase classname="CompanyScripts.compCreatePostScripts" name="public_Share_holder" time="11.561"/>
  <system-out/>
  <testcase classname="CompanyScripts.compCreatePostScripts" name="public_Vendor" time="11.823"/>
  <system-out/>
  <testcase classname="CompanyScripts.compCreatePostScripts" name="public_ALL_Man_Vend_Dist" time="14.070"/>
  <system-out/>
  <testcase classname="CompanyScripts.compCreatePostScripts" name="public_ALL_Emp_Part_Share" time="14.508"/>
  <system-out/>
  <testcase classname="CompanyScripts.compCreatePostScripts" name="Status_archieve" time="15.500"/>
  <system-out/>
  <testcase classname="CompanyScripts.compCreatePostScripts" name="UploadImageAndCancel" time="11.988"/>
  <system-out/>
  <testcase classname="CompanyScripts.compCreatePostScripts" name="public_Distribtor" time="12.136"/>
  <system-out/>
</testsuite> <!-- CompanyScripts.compCreatePostScripts -->
