<?xml version="1.0" encoding="UTF-8"?>
<!-- Generated by org.testng.reporters.JUnitReportReporter -->
<testsuite hostname="TEST-010" failures="0" tests="10" name="CompanyScripts.compNewsFeed_Home" time="211.451" errors="0" timestamp="2023-03-01T17:11:36 IST" skipped="0">
  <testcase classname="CompanyScripts.compNewsFeed_Home" name="BookmaarkPost_Comment" time="35.538"/>
  <system-out/>
  <testcase classname="CompanyScripts.compNewsFeed_Home" name="Edit_Post" time="14.564"/>
  <system-out/>
  <testcase classname="CompanyScripts.compNewsFeed_Home" name="Delete_Post" time="17.003"/>
  <system-out/>
  <testcase classname="CompanyScripts.compNewsFeed_Home" name="Add_to_bookmark" time="16.816"/>
  <system-out/>
  <testcase classname="CompanyScripts.compNewsFeed_Home" name="searchFeedwithCompany" time="14.905"/>
  <system-out/>
  <testcase classname="CompanyScripts.compNewsFeed_Home" name="BookmaarkPost_Like" time="24.011"/>
  <system-out/>
  <testcase classname="CompanyScripts.compNewsFeed_Home" name="BookmaarkPost_share" time="28.949"/>
  <system-out/>
  <testcase classname="CompanyScripts.compNewsFeed_Home" name="ScrollFeedUntilLoadmore" time="12.433"/>
  <system-out/>
  <testcase classname="CompanyScripts.compNewsFeed_Home" name="LikeAndShareFeedPost" time="26.000"/>
  <system-out/>
  <testcase classname="CompanyScripts.compNewsFeed_Home" name="Play_Posted_Video" time="21.232"/>
  <system-out/>
</testsuite> <!-- CompanyScripts.compNewsFeed_Home -->
