<?xml version="1.0" encoding="UTF-8"?>
<!-- Generated by org.testng.reporters.JUnitReportReporter -->
<testsuite hostname="TEST-010" failures="0" tests="11" name="CompanyScripts.compNewsFeed_Home" time="234.445" errors="0" timestamp="2023-02-27T15:25:42 IST" skipped="1">
  <testcase classname="CompanyScripts.compNewsFeed_Home" name="Edit_Post" time="14.920"/>
  <system-out/>
  <testcase classname="CompanyScripts.compNewsFeed_Home" name="BookmaarkPost_Comment" time="32.952"/>
  <system-out/>
  <testcase classname="CompanyScripts.compNewsFeed_Home" name="Delete_Post" time="16.831"/>
  <system-out/>
  <testcase classname="CompanyScripts.compNewsFeed_Home" name="Delete_Post" time="16.719">
    <skipped/>
  </testcase> <!-- Delete_Post -->
  <system-out/>
  <testcase classname="CompanyScripts.compNewsFeed_Home" name="Add_to_bookmark" time="16.291"/>
  <system-out/>
  <testcase classname="CompanyScripts.compNewsFeed_Home" name="searchFeedwithCompany" time="15.983"/>
  <system-out/>
  <testcase classname="CompanyScripts.compNewsFeed_Home" name="BookmaarkPost_Like" time="29.006"/>
  <system-out/>
  <testcase classname="CompanyScripts.compNewsFeed_Home" name="BookmaarkPost_share" time="29.632"/>
  <system-out/>
  <testcase classname="CompanyScripts.compNewsFeed_Home" name="ScrollFeedUntilLoadmore" time="12.753"/>
  <system-out/>
  <testcase classname="CompanyScripts.compNewsFeed_Home" name="LikeAndShareFeedPost" time="27.677"/>
  <system-out/>
  <testcase classname="CompanyScripts.compNewsFeed_Home" name="Play_Posted_Video" time="21.681"/>
  <system-out/>
</testsuite> <!-- CompanyScripts.compNewsFeed_Home -->
