<?xml version="1.0" encoding="UTF-8"?>
<!-- Generated by org.testng.reporters.JUnitReportReporter -->
<testsuite hostname="TEST-010" failures="0" tests="3" name="CompanyScripts.ConfigureDeptScripts" time="59.903" errors="0" timestamp="2023-03-08T10:58:58 IST" skipped="0">
  <testcase classname="CompanyScripts.ConfigureDeptScripts" name="create_Dept" time="22.288"/>
  <system-out/>
  <testcase classname="CompanyScripts.ConfigureDeptScripts" name="Edit_Dept" time="20.570"/>
  <system-out/>
  <testcase classname="CompanyScripts.ConfigureDeptScripts" name="Delete_Dept" time="17.045"/>
  <system-out/>
</testsuite> <!-- CompanyScripts.ConfigureDeptScripts -->
