<?xml version="1.0" encoding="UTF-8"?>
<!-- Generated by org.testng.reporters.JUnitReportReporter -->
<testsuite hostname="TEST-010" failures="0" tests="15" name="CompanyScripts.compCreatePostScripts" time="254.903" errors="0" timestamp="2023-03-06T18:32:07 IST" skipped="0">
  <testcase classname="CompanyScripts.compCreatePostScripts" name="UploadText" time="14.223"/>
  <system-out/>
  <testcase classname="CompanyScripts.compCreatePostScripts" name="UploadImage" time="12.353"/>
  <system-out/>
  <testcase classname="CompanyScripts.compCreatePostScripts" name="UploadVideo" time="16.207"/>
  <system-out/>
  <testcase classname="CompanyScripts.compCreatePostScripts" name="Upload_youtube_Url" time="15.665"/>
  <system-out/>
  <testcase classname="CompanyScripts.compCreatePostScripts" name="upload_Five_Images" time="28.203"/>
  <system-out/>
  <testcase classname="CompanyScripts.compCreatePostScripts" name="upload_FivePlus_Images" time="22.157"/>
  <system-out/>
  <testcase classname="CompanyScripts.compCreatePostScripts" name="public_Employees" time="15.660"/>
  <system-out/>
  <testcase classname="CompanyScripts.compCreatePostScripts" name="public_Manaufacturer" time="12.647"/>
  <system-out/>
  <testcase classname="CompanyScripts.compCreatePostScripts" name="public_Share_holder" time="17.930"/>
  <system-out/>
  <testcase classname="CompanyScripts.compCreatePostScripts" name="public_Vendor" time="23.234"/>
  <system-out/>
  <testcase classname="CompanyScripts.compCreatePostScripts" name="public_ALL_Man_Vend_Dist" time="19.096"/>
  <system-out/>
  <testcase classname="CompanyScripts.compCreatePostScripts" name="public_ALL_Emp_Part_Share" time="13.739"/>
  <system-out/>
  <testcase classname="CompanyScripts.compCreatePostScripts" name="Status_archieve" time="16.576"/>
  <system-out/>
  <testcase classname="CompanyScripts.compCreatePostScripts" name="UploadImageAndCancel" time="10.950"/>
  <system-out/>
  <testcase classname="CompanyScripts.compCreatePostScripts" name="public_Distribtor" time="16.263"/>
  <system-out/>
</testsuite> <!-- CompanyScripts.compCreatePostScripts -->
