<?xml version="1.0" encoding="UTF-8"?>
<!-- Generated by org.testng.reporters.JUnitReportReporter -->
<testsuite hostname="TEST-010" failures="0" tests="3" name="endToendTests.TestCase2" time="86.392" errors="0" timestamp="2023-03-01T15:15:06 IST" skipped="2">
  <testcase classname="endToendTests.TestCase2" name="testCase1" time="20.155">
    <skipped/>
  </testcase> <!-- testCase1 -->
  <system-out/>
  <testcase classname="endToendTests.TestCase2" name="testCase1" time="34.906">
    <skipped/>
  </testcase> <!-- testCase1 -->
  <system-out/>
  <testcase classname="endToendTests.TestCase2" name="testCase1" time="31.331"/>
  <system-out/>
</testsuite> <!-- endToendTests.TestCase2 -->
