<?xml version="1.0" encoding="UTF-8"?>
<!-- Generated by org.testng.reporters.JUnitReportReporter -->
<testsuite hostname="TEST-010" failures="0" tests="16" name="CompanyScripts.compEmployeesScripts" time="216.711" errors="0" timestamp="2023-03-07T10:26:55 IST" skipped="2">
  <testcase classname="CompanyScripts.compEmployeesScripts" name="ChangeRoleAs_Admin" time="22.036"/>
  <system-out/>
  <testcase classname="CompanyScripts.compEmployeesScripts" name="ChangeRoleAs_Employee" time="14.624"/>
  <system-out/>
  <testcase classname="CompanyScripts.compEmployeesScripts" name="Edit_Official_Details" time="16.917"/>
  <system-out/>
  <testcase classname="CompanyScripts.compEmployeesScripts" name="Edit_Official_Details" time="12.678">
    <skipped/>
  </testcase> <!-- Edit_Official_Details -->
  <system-out/>
  <testcase classname="CompanyScripts.compEmployeesScripts" name="Edit_Official_Details" time="15.858">
    <skipped/>
  </testcase> <!-- Edit_Official_Details -->
  <system-out/>
  <testcase classname="CompanyScripts.compEmployeesScripts" name="EmployeeProfile_NewsFeed" time="13.515"/>
  <system-out/>
  <testcase classname="CompanyScripts.compEmployeesScripts" name="EmployeeProfile" time="12.885"/>
  <system-out/>
  <testcase classname="CompanyScripts.compEmployeesScripts" name="Pendinf_Approve_Cancel" time="15.800"/>
  <system-out/>
  <testcase classname="CompanyScripts.compEmployeesScripts" name="Pending_reject_Cancel" time="11.036"/>
  <system-out/>
  <testcase classname="CompanyScripts.compEmployeesScripts" name="Pendinf_rejected" time="8.516"/>
  <system-out/>
  <testcase classname="CompanyScripts.compEmployeesScripts" name="SortBy_Filter" time="10.031"/>
  <system-out/>
  <testcase classname="CompanyScripts.compEmployeesScripts" name="InviteWithEmail_send" time="11.741"/>
  <system-out/>
  <testcase classname="CompanyScripts.compEmployeesScripts" name="InviteWithEmail_Cancel" time="12.146"/>
  <system-out/>
  <testcase classname="CompanyScripts.compEmployeesScripts" name="createEmployeeInvalidDetails" time="13.789"/>
  <system-out/>
  <testcase classname="CompanyScripts.compEmployeesScripts" name="createEmployeeValid_Cancel" time="12.688"/>
  <system-out/>
  <testcase classname="CompanyScripts.compEmployeesScripts" name="createEmployeeValid_Add" time="12.451"/>
  <system-out/>
</testsuite> <!-- CompanyScripts.compEmployeesScripts -->
